[main] INFO edu.stanford.nlp.pipeline.StanfordCoreNLP - Adding annotator tokenize
[main] INFO edu.stanford.nlp.pipeline.StanfordCoreNLP - Adding annotator ssplit
[main] INFO edu.stanford.nlp.pipeline.StanfordCoreNLP - Adding annotator pos
[main] INFO edu.stanford.nlp.tagger.maxent.MaxentTagger - Loading POS tagger from edu/stanford/nlp/models/pos-tagger/english-left3words/english-left3words-distsim.tagger ... done [2.9 sec].
[main] INFO edu.stanford.nlp.pipeline.StanfordCoreNLP - Adding annotator lemma
[main] INFO edu.stanford.nlp.pipeline.StanfordCoreNLP - Adding annotator ner
[main] INFO edu.stanford.nlp.ie.AbstractSequenceClassifier - Loading classifier from edu/stanford/nlp/models/ner/english.all.3class.distsim.crf.ser.gz ... done [4.0 sec].
[main] INFO edu.stanford.nlp.ie.AbstractSequenceClassifier - Loading classifier from edu/stanford/nlp/models/ner/english.muc.7class.distsim.crf.ser.gz ... done [1.9 sec].
[main] INFO edu.stanford.nlp.ie.AbstractSequenceClassifier - Loading classifier from edu/stanford/nlp/models/ner/english.conll.4class.distsim.crf.ser.gz ... done [5.4 sec].
[main] INFO edu.stanford.nlp.time.JollyDayHolidays - Initializing JollyDayHoliday for SUTime from classpath edu/stanford/nlp/models/sutime/jollyday/Holidays_sutime.xml as sutime.binder.1.
[main] INFO edu.stanford.nlp.time.TimeExpressionExtractorImpl - Using following SUTime rules: edu/stanford/nlp/models/sutime/defs.sutime.txt,edu/stanford/nlp/models/sutime/english.sutime.txt,edu/stanford/nlp/models/sutime/english.holidays.sutime.txt
[main] INFO edu.stanford.nlp.pipeline.TokensRegexNERAnnotator - ner.fine.regexner: Read 580704 unique entries out of 581863 from edu/stanford/nlp/models/kbp/english/gazetteers/regexner_caseless.tab, 0 TokensRegex patterns.
[main] INFO edu.stanford.nlp.pipeline.TokensRegexNERAnnotator - ner.fine.regexner: Read 4869 unique entries out of 4869 from edu/stanford/nlp/models/kbp/english/gazetteers/regexner_cased.tab, 0 TokensRegex patterns.
[main] INFO edu.stanford.nlp.pipeline.TokensRegexNERAnnotator - ner.fine.regexner: Read 585573 unique entries from 2 files
[main] INFO edu.stanford.nlp.pipeline.StanfordCoreNLP - Adding annotator parse
[main] INFO edu.stanford.nlp.parser.common.ParserGrammar - Loading parser from serialized file edu/stanford/nlp/models/lexparser/englishPCFG.ser.gz ... done [0.3 sec].
[main] INFO edu.stanford.nlp.pipeline.StanfordCoreNLP - Adding annotator dcoref
[main] INFO edu.stanford.nlp.pipeline.CorefMentionAnnotator - Using mention detector type: dependency

Processing file /home/i348221/Apps/python/nlp100/06.英語テキストの処理/./nlp.txt ... writing to /home/i348221/Apps/python/nlp100/06.英語テキストの処理/nlp.txt.xml
Annotating file /home/i348221/Apps/python/nlp100/06.英語テキストの処理/./nlp.txt ... done [16.0 sec].

Annotation pipeline timing information:
TokenizerAnnotator: 0.1 sec.
WordsToSentencesAnnotator: 0.0 sec.
POSTaggerAnnotator: 0.2 sec.
MorphaAnnotator: 0.1 sec.
NERCombinerAnnotator: 4.5 sec.
ParserAnnotator: 9.0 sec.
DeterministicCorefAnnotator: 2.2 sec.
TOTAL: 16.0 sec. for 1452 tokens at 90.6 tokens/sec.
Pipeline setup: 63.3 sec.
Total time for StanfordCoreNLP pipeline: 79.5 sec.
